Started GET "/" for ::1 at 2023-11-03 13:48:59 -0300
  [1m[35m (2.2ms)[0m  [1m[35mCREATE TABLE "schema_migrations" ("version" varchar NOT NULL PRIMARY KEY)[0m
  [1m[35m (0.4ms)[0m  [1m[35mCREATE TABLE "ar_internal_metadata" ("key" varchar NOT NULL PRIMARY KEY, "value" varchar, "created_at" datetime(6) NOT NULL, "updated_at" datetime(6) NOT NULL)[0m
  [1m[36mActiveRecord::SchemaMigration Load (0.2ms)[0m  [1m[34mSELECT "schema_migrations"."version" FROM "schema_migrations" ORDER BY "schema_migrations"."version" ASC[0m
  
AbstractController::ActionNotFound (The action 'home' could not be found for PagesController):
  
actionpack (7.1.1) lib/abstract_controller/base.rb:155:in `process'
actionview (7.1.1) lib/action_view/rendering.rb:40:in `process'
actionpack (7.1.1) lib/action_controller/metal.rb:227:in `dispatch'
actionpack (7.1.1) lib/action_controller/metal.rb:309:in `dispatch'
actionpack (7.1.1) lib/action_dispatch/routing/route_set.rb:49:in `dispatch'
actionpack (7.1.1) lib/action_dispatch/routing/route_set.rb:32:in `serve'
actionpack (7.1.1) lib/action_dispatch/journey/router.rb:51:in `block in serve'
actionpack (7.1.1) lib/action_dispatch/journey/router.rb:131:in `block in find_routes'
actionpack (7.1.1) lib/action_dispatch/journey/router.rb:124:in `each'
actionpack (7.1.1) lib/action_dispatch/journey/router.rb:124:in `find_routes'
actionpack (7.1.1) lib/action_dispatch/journey/router.rb:32:in `serve'
actionpack (7.1.1) lib/action_dispatch/routing/route_set.rb:882:in `call'
rack (3.0.8) lib/rack/tempfile_reaper.rb:20:in `call'
rack (3.0.8) lib/rack/etag.rb:29:in `call'
rack (3.0.8) lib/rack/conditional_get.rb:31:in `call'
rack (3.0.8) lib/rack/head.rb:15:in `call'
actionpack (7.1.1) lib/action_dispatch/http/permissions_policy.rb:36:in `call'
actionpack (7.1.1) lib/action_dispatch/http/content_security_policy.rb:33:in `call'
rack-session (2.0.0) lib/rack/session/abstract/id.rb:272:in `context'
rack-session (2.0.0) lib/rack/session/abstract/id.rb:266:in `call'
actionpack (7.1.1) lib/action_dispatch/middleware/cookies.rb:689:in `call'
activerecord (7.1.1) lib/active_record/migration.rb:653:in `call'
actionpack (7.1.1) lib/action_dispatch/middleware/callbacks.rb:29:in `block in call'
activesupport (7.1.1) lib/active_support/callbacks.rb:101:in `run_callbacks'
actionpack (7.1.1) lib/action_dispatch/middleware/callbacks.rb:28:in `call'
actionpack (7.1.1) lib/action_dispatch/middleware/executor.rb:14:in `call'
actionpack (7.1.1) lib/action_dispatch/middleware/actionable_exceptions.rb:16:in `call'
actionpack (7.1.1) lib/action_dispatch/middleware/debug_exceptions.rb:29:in `call'
web-console (4.2.1) lib/web_console/middleware.rb:132:in `call_app'
web-console (4.2.1) lib/web_console/middleware.rb:28:in `block in call'
web-console (4.2.1) lib/web_console/middleware.rb:17:in `catch'
web-console (4.2.1) lib/web_console/middleware.rb:17:in `call'
actionpack (7.1.1) lib/action_dispatch/middleware/show_exceptions.rb:31:in `call'
railties (7.1.1) lib/rails/rack/logger.rb:37:in `call_app'
railties (7.1.1) lib/rails/rack/logger.rb:24:in `block in call'
activesupport (7.1.1) lib/active_support/tagged_logging.rb:135:in `block in tagged'
activesupport (7.1.1) lib/active_support/tagged_logging.rb:39:in `tagged'
activesupport (7.1.1) lib/active_support/tagged_logging.rb:135:in `tagged'
activesupport (7.1.1) lib/active_support/broadcast_logger.rb:232:in `method_missing'
railties (7.1.1) lib/rails/rack/logger.rb:24:in `call'
sprockets-rails (3.4.2) lib/sprockets/rails/quiet_assets.rb:13:in `call'
actionpack (7.1.1) lib/action_dispatch/middleware/remote_ip.rb:92:in `call'
actionpack (7.1.1) lib/action_dispatch/middleware/request_id.rb:28:in `call'
rack (3.0.8) lib/rack/method_override.rb:28:in `call'
rack (3.0.8) lib/rack/runtime.rb:24:in `call'
activesupport (7.1.1) lib/active_support/cache/strategy/local_cache_middleware.rb:29:in `call'
actionpack (7.1.1) lib/action_dispatch/middleware/server_timing.rb:59:in `block in call'
actionpack (7.1.1) lib/action_dispatch/middleware/server_timing.rb:24:in `collect_events'
actionpack (7.1.1) lib/action_dispatch/middleware/server_timing.rb:58:in `call'
actionpack (7.1.1) lib/action_dispatch/middleware/executor.rb:14:in `call'
actionpack (7.1.1) lib/action_dispatch/middleware/static.rb:25:in `call'
rack (3.0.8) lib/rack/sendfile.rb:114:in `call'
actionpack (7.1.1) lib/action_dispatch/middleware/host_authorization.rb:141:in `call'
railties (7.1.1) lib/rails/engine.rb:529:in `call'
puma (6.4.0) lib/puma/configuration.rb:272:in `call'
puma (6.4.0) lib/puma/request.rb:100:in `block in handle_request'
puma (6.4.0) lib/puma/thread_pool.rb:378:in `with_force_shutdown'
puma (6.4.0) lib/puma/request.rb:99:in `handle_request'
puma (6.4.0) lib/puma/server.rb:443:in `process_client'
puma (6.4.0) lib/puma/server.rb:241:in `block in run'
puma (6.4.0) lib/puma/thread_pool.rb:155:in `block in spawn_thread'
Started GET "/" for ::1 at 2023-11-03 13:50:14 -0300
Processing by PagesController#home as HTML
Completed 406 Not Acceptable in 6ms (ActiveRecord: 0.0ms | Allocations: 2402)


  
ActionController::MissingExactTemplate (PagesController#home is missing a template for request formats: text/html):
  
actionpack (7.1.1) lib/action_controller/metal/implicit_render.rb:47:in `default_render'
actionpack (7.1.1) lib/action_controller/metal/basic_implicit_render.rb:7:in `send_action'
actionpack (7.1.1) lib/abstract_controller/base.rb:224:in `process_action'
actionpack (7.1.1) lib/action_controller/metal/rendering.rb:165:in `process_action'
actionpack (7.1.1) lib/abstract_controller/callbacks.rb:259:in `block in process_action'
activesupport (7.1.1) lib/active_support/callbacks.rb:121:in `block in run_callbacks'
actiontext (7.1.1) lib/action_text/rendering.rb:23:in `with_renderer'
actiontext (7.1.1) lib/action_text/engine.rb:69:in `block (4 levels) in <class:Engine>'
activesupport (7.1.1) lib/active_support/callbacks.rb:130:in `instance_exec'
activesupport (7.1.1) lib/active_support/callbacks.rb:130:in `block in run_callbacks'
activesupport (7.1.1) lib/active_support/callbacks.rb:141:in `run_callbacks'
actionpack (7.1.1) lib/abstract_controller/callbacks.rb:258:in `process_action'
actionpack (7.1.1) lib/action_controller/metal/rescue.rb:25:in `process_action'
actionpack (7.1.1) lib/action_controller/metal/instrumentation.rb:74:in `block in process_action'
activesupport (7.1.1) lib/active_support/notifications.rb:206:in `block in instrument'
activesupport (7.1.1) lib/active_support/notifications/instrumenter.rb:58:in `instrument'
activesupport (7.1.1) lib/active_support/notifications.rb:206:in `instrument'
actionpack (7.1.1) lib/action_controller/metal/instrumentation.rb:73:in `process_action'
actionpack (7.1.1) lib/action_controller/metal/params_wrapper.rb:261:in `process_action'
activerecord (7.1.1) lib/active_record/railties/controller_runtime.rb:32:in `process_action'
actionpack (7.1.1) lib/abstract_controller/base.rb:160:in `process'
actionview (7.1.1) lib/action_view/rendering.rb:40:in `process'
actionpack (7.1.1) lib/action_controller/metal.rb:227:in `dispatch'
actionpack (7.1.1) lib/action_controller/metal.rb:309:in `dispatch'
actionpack (7.1.1) lib/action_dispatch/routing/route_set.rb:49:in `dispatch'
actionpack (7.1.1) lib/action_dispatch/routing/route_set.rb:32:in `serve'
actionpack (7.1.1) lib/action_dispatch/journey/router.rb:51:in `block in serve'
actionpack (7.1.1) lib/action_dispatch/journey/router.rb:131:in `block in find_routes'
actionpack (7.1.1) lib/action_dispatch/journey/router.rb:124:in `each'
actionpack (7.1.1) lib/action_dispatch/journey/router.rb:124:in `find_routes'
actionpack (7.1.1) lib/action_dispatch/journey/router.rb:32:in `serve'
actionpack (7.1.1) lib/action_dispatch/routing/route_set.rb:882:in `call'
rack (3.0.8) lib/rack/tempfile_reaper.rb:20:in `call'
rack (3.0.8) lib/rack/etag.rb:29:in `call'
rack (3.0.8) lib/rack/conditional_get.rb:31:in `call'
rack (3.0.8) lib/rack/head.rb:15:in `call'
actionpack (7.1.1) lib/action_dispatch/http/permissions_policy.rb:36:in `call'
actionpack (7.1.1) lib/action_dispatch/http/content_security_policy.rb:33:in `call'
rack-session (2.0.0) lib/rack/session/abstract/id.rb:272:in `context'
rack-session (2.0.0) lib/rack/session/abstract/id.rb:266:in `call'
actionpack (7.1.1) lib/action_dispatch/middleware/cookies.rb:689:in `call'
activerecord (7.1.1) lib/active_record/migration.rb:653:in `call'
actionpack (7.1.1) lib/action_dispatch/middleware/callbacks.rb:29:in `block in call'
activesupport (7.1.1) lib/active_support/callbacks.rb:101:in `run_callbacks'
actionpack (7.1.1) lib/action_dispatch/middleware/callbacks.rb:28:in `call'
actionpack (7.1.1) lib/action_dispatch/middleware/executor.rb:14:in `call'
actionpack (7.1.1) lib/action_dispatch/middleware/actionable_exceptions.rb:16:in `call'
actionpack (7.1.1) lib/action_dispatch/middleware/debug_exceptions.rb:29:in `call'
web-console (4.2.1) lib/web_console/middleware.rb:132:in `call_app'
web-console (4.2.1) lib/web_console/middleware.rb:28:in `block in call'
web-console (4.2.1) lib/web_console/middleware.rb:17:in `catch'
web-console (4.2.1) lib/web_console/middleware.rb:17:in `call'
actionpack (7.1.1) lib/action_dispatch/middleware/show_exceptions.rb:31:in `call'
railties (7.1.1) lib/rails/rack/logger.rb:37:in `call_app'
railties (7.1.1) lib/rails/rack/logger.rb:24:in `block in call'
activesupport (7.1.1) lib/active_support/tagged_logging.rb:135:in `block in tagged'
activesupport (7.1.1) lib/active_support/tagged_logging.rb:39:in `tagged'
activesupport (7.1.1) lib/active_support/tagged_logging.rb:135:in `tagged'
activesupport (7.1.1) lib/active_support/broadcast_logger.rb:232:in `method_missing'
railties (7.1.1) lib/rails/rack/logger.rb:24:in `call'
sprockets-rails (3.4.2) lib/sprockets/rails/quiet_assets.rb:13:in `call'
actionpack (7.1.1) lib/action_dispatch/middleware/remote_ip.rb:92:in `call'
actionpack (7.1.1) lib/action_dispatch/middleware/request_id.rb:28:in `call'
rack (3.0.8) lib/rack/method_override.rb:28:in `call'
rack (3.0.8) lib/rack/runtime.rb:24:in `call'
activesupport (7.1.1) lib/active_support/cache/strategy/local_cache_middleware.rb:29:in `call'
actionpack (7.1.1) lib/action_dispatch/middleware/server_timing.rb:59:in `block in call'
actionpack (7.1.1) lib/action_dispatch/middleware/server_timing.rb:24:in `collect_events'
actionpack (7.1.1) lib/action_dispatch/middleware/server_timing.rb:58:in `call'
actionpack (7.1.1) lib/action_dispatch/middleware/executor.rb:14:in `call'
actionpack (7.1.1) lib/action_dispatch/middleware/static.rb:25:in `call'
rack (3.0.8) lib/rack/sendfile.rb:114:in `call'
actionpack (7.1.1) lib/action_dispatch/middleware/host_authorization.rb:141:in `call'
railties (7.1.1) lib/rails/engine.rb:529:in `call'
puma (6.4.0) lib/puma/configuration.rb:272:in `call'
puma (6.4.0) lib/puma/request.rb:100:in `block in handle_request'
puma (6.4.0) lib/puma/thread_pool.rb:378:in `with_force_shutdown'
puma (6.4.0) lib/puma/request.rb:99:in `handle_request'
puma (6.4.0) lib/puma/server.rb:443:in `process_client'
puma (6.4.0) lib/puma/server.rb:241:in `block in run'
puma (6.4.0) lib/puma/thread_pool.rb:155:in `block in spawn_thread'
Started GET "/" for ::1 at 2023-11-03 13:51:27 -0300
Processing by PagesController#home as HTML
  Rendering layout layouts/application.html.erb
  Rendering pages/home.html.erb within layouts/application
  Rendered pages/home.html.erb within layouts/application (Duration: 0.3ms | Allocations: 92)
  Rendered layout layouts/application.html.erb (Duration: 258.0ms | Allocations: 98518)
Completed 200 OK in 260ms (Views: 259.3ms | ActiveRecord: 0.0ms | Allocations: 99556)


Started GET "/about" for ::1 at 2023-11-03 13:51:32 -0300
Processing by PagesController#about as HTML
  Rendering layout layouts/application.html.erb
  Rendering pages/about.html.erb within layouts/application
  Rendered pages/about.html.erb within layouts/application (Duration: 0.4ms | Allocations: 92)
  Rendered layout layouts/application.html.erb (Duration: 13.7ms | Allocations: 4787)
Completed 200 OK in 15ms (Views: 14.2ms | ActiveRecord: 0.0ms | Allocations: 5094)


Started GET "/" for 127.0.0.1 at 2023-11-03 14:53:35 -0300
  [1m[36mActiveRecord::SchemaMigration Load (0.1ms)[0m  [1m[34mSELECT "schema_migrations"."version" FROM "schema_migrations" ORDER BY "schema_migrations"."version" ASC[0m
Processing by PagesController#home as HTML
  Rendering layout layouts/application.html.erb
  Rendering pages/home.html.erb within layouts/application
  Rendered pages/home.html.erb within layouts/application (Duration: 0.3ms | Allocations: 181)
  Rendered layout layouts/application.html.erb (Duration: 91.7ms | Allocations: 33917)
Completed 200 OK in 101ms (Views: 94.6ms | ActiveRecord: 0.0ms | Allocations: 37980)


Started GET "/" for 127.0.0.1 at 2023-11-03 14:53:38 -0300
Processing by PagesController#home as HTML
  Rendering layout layouts/application.html.erb
  Rendering pages/home.html.erb within layouts/application
  Rendered pages/home.html.erb within layouts/application (Duration: 0.0ms | Allocations: 6)
  Rendered layout layouts/application.html.erb (Duration: 8.1ms | Allocations: 3100)
Completed 200 OK in 9ms (Views: 8.7ms | ActiveRecord: 0.0ms | Allocations: 3349)


Started GET "/home" for 127.0.0.1 at 2023-11-03 14:53:44 -0300
  
ActionController::RoutingError (No route matches [GET] "/home"):
  
Started GET "/about" for 127.0.0.1 at 2023-11-03 14:53:52 -0300
Processing by PagesController#about as HTML
  Rendering layout layouts/application.html.erb
  Rendering pages/about.html.erb within layouts/application
  Rendered pages/about.html.erb within layouts/application (Duration: 0.4ms | Allocations: 88)
  Rendered layout layouts/application.html.erb (Duration: 5.0ms | Allocations: 2228)
Completed 200 OK in 6ms (Views: 5.5ms | ActiveRecord: 0.0ms | Allocations: 2540)


Started GET "/" for 127.0.0.1 at 2023-11-03 14:53:57 -0300
Processing by PagesController#home as HTML
  Rendering layout layouts/application.html.erb
  Rendering pages/home.html.erb within layouts/application
  Rendered pages/home.html.erb within layouts/application (Duration: 0.0ms | Allocations: 6)
  Rendered layout layouts/application.html.erb (Duration: 4.4ms | Allocations: 2095)
Completed 200 OK in 5ms (Views: 5.0ms | ActiveRecord: 0.0ms | Allocations: 2343)


  [1m[36mActiveRecord::InternalMetadata Load (0.3ms)[0m  [1m[34mSELECT * FROM "ar_internal_metadata" WHERE "ar_internal_metadata"."key" = ? ORDER BY "ar_internal_metadata"."key" ASC LIMIT 1[0m  [[nil, "environment"]]
  [1m[36mActiveRecord::InternalMetadata Create (2.5ms)[0m  [1m[32mINSERT INTO "ar_internal_metadata" ("key", "value", "created_at", "updated_at") VALUES ('environment', 'development', '2023-11-06 18:56:44.224419', '2023-11-06 18:56:44.224425') RETURNING "key"[0m
  [1m[36mActiveRecord::SchemaMigration Load (0.1ms)[0m  [1m[34mSELECT "schema_migrations"."version" FROM "schema_migrations" ORDER BY "schema_migrations"."version" ASC[0m
Migrating to CreateArticles (20231106183205)
  [1m[36mTRANSACTION (0.1ms)[0m  [1m[36mbegin transaction[0m
  [1m[35m (1.4ms)[0m  [1m[35mCREATE TABLE "articles" ("id" integer PRIMARY KEY AUTOINCREMENT NOT NULL, "title" varchar, "description" text, "created_at" datetime(6) NOT NULL, "updated_at" datetime(6) NOT NULL)[0m
  [1m[36mActiveRecord::SchemaMigration Create (0.2ms)[0m  [1m[32mINSERT INTO "schema_migrations" ("version") VALUES ('20231106183205') RETURNING "version"[0m
  [1m[36mTRANSACTION (0.1ms)[0m  [1m[36mcommit transaction[0m
  [1m[36mActiveRecord::SchemaMigration Load (0.0ms)[0m  [1m[34mSELECT "schema_migrations"."version" FROM "schema_migrations" ORDER BY "schema_migrations"."version" ASC[0m
Started GET "/" for 127.0.0.1 at 2023-11-06 16:00:36 -0300
  [1m[36mActiveRecord::SchemaMigration Load (0.3ms)[0m  [1m[34mSELECT "schema_migrations"."version" FROM "schema_migrations" ORDER BY "schema_migrations"."version" ASC[0m
Processing by PagesController#home as HTML
  Rendering layout layouts/application.html.erb
  Rendering pages/home.html.erb within layouts/application
  Rendered pages/home.html.erb within layouts/application (Duration: 0.8ms | Allocations: 181)
  Rendered layout layouts/application.html.erb (Duration: 207.2ms | Allocations: 33778)
Completed 200 OK in 225ms (Views: 216.1ms | ActiveRecord: 0.0ms | Allocations: 37842)


Started GET "/" for 127.0.0.1 at 2023-11-06 16:00:36 -0300
Processing by PagesController#home as HTML
  Rendering layout layouts/application.html.erb
  Rendering pages/home.html.erb within layouts/application
  Rendered pages/home.html.erb within layouts/application (Duration: 0.1ms | Allocations: 6)
  Rendered layout layouts/application.html.erb (Duration: 7.2ms | Allocations: 2004)
Completed 200 OK in 9ms (Views: 8.4ms | ActiveRecord: 0.0ms | Allocations: 2249)


Started GET "/" for 127.0.0.1 at 2023-11-06 16:00:36 -0300
Processing by PagesController#home as HTML
  Rendering layout layouts/application.html.erb
  Rendering pages/home.html.erb within layouts/application
  Rendered pages/home.html.erb within layouts/application (Duration: 0.2ms | Allocations: 6)
  Rendered layout layouts/application.html.erb (Duration: 24.3ms | Allocations: 4184)
Completed 200 OK in 28ms (Views: 26.1ms | ActiveRecord: 0.0ms | Allocations: 4491)


Started GET "/articles" for 127.0.0.1 at 2023-11-06 16:00:52 -0300
Processing by ArticlesController#index as HTML
  Rendering layout layouts/application.html.erb
  Rendering articles/index.html.erb within layouts/application
  [1m[36mArticle Load (0.2ms)[0m  [1m[34mSELECT "articles".* FROM "articles"[0m
  ↳ app/views/articles/index.html.erb:6
  Rendered articles/index.html.erb within layouts/application (Duration: 5.6ms | Allocations: 2096)
  Rendered layout layouts/application.html.erb (Duration: 9.0ms | Allocations: 4033)
Completed 200 OK in 37ms (Views: 9.7ms | ActiveRecord: 0.2ms | Allocations: 13548)


Started GET "/articles/new" for 127.0.0.1 at 2023-11-06 16:00:56 -0300
Processing by ArticlesController#new as HTML
  Rendering layout layouts/application.html.erb
  Rendering articles/new.html.erb within layouts/application
  Rendered articles/_form.html.erb (Duration: 9.5ms | Allocations: 2456)
  Rendered articles/new.html.erb within layouts/application (Duration: 11.2ms | Allocations: 2776)
  Rendered layout layouts/application.html.erb (Duration: 14.1ms | Allocations: 4717)
Completed 200 OK in 40ms (Views: 14.8ms | ActiveRecord: 0.4ms | Allocations: 14073)


Started GET "/articles" for 127.0.0.1 at 2023-11-06 16:01:13 -0300
Processing by ArticlesController#index as HTML
  Rendering layout layouts/application.html.erb
  Rendering articles/index.html.erb within layouts/application
  [1m[36mArticle Load (0.2ms)[0m  [1m[34mSELECT "articles".* FROM "articles"[0m
  ↳ app/views/articles/index.html.erb:6
  Rendered articles/index.html.erb within layouts/application (Duration: 3.2ms | Allocations: 603)
  Rendered layout layouts/application.html.erb (Duration: 11.5ms | Allocations: 2526)
Completed 200 OK in 15ms (Views: 12.9ms | ActiveRecord: 0.2ms | Allocations: 2793)


Started GET "/articles/create" for 127.0.0.1 at 2023-11-06 16:01:30 -0300
Processing by ArticlesController#show as HTML
  Parameters: {"id"=>"create"}
  [1m[36mArticle Load (0.3ms)[0m  [1m[34mSELECT "articles".* FROM "articles" WHERE "articles"."id" = ? LIMIT ?[0m  [["id", nil], ["LIMIT", 1]]
  ↳ app/controllers/articles_controller.rb:63:in `set_article'
Completed 404 Not Found in 26ms (ActiveRecord: 0.3ms | Allocations: 10569)


  
ActiveRecord::RecordNotFound (Couldn't find Article with 'id'=create):
  
app/controllers/articles_controller.rb:63:in `set_article'
Started GET "/articles" for 127.0.0.1 at 2023-11-06 16:01:36 -0300
Processing by ArticlesController#index as HTML
  Rendering layout layouts/application.html.erb
  Rendering articles/index.html.erb within layouts/application
  [1m[36mArticle Load (0.2ms)[0m  [1m[34mSELECT "articles".* FROM "articles"[0m
  ↳ app/views/articles/index.html.erb:6
  Rendered articles/index.html.erb within layouts/application (Duration: 3.0ms | Allocations: 600)
  Rendered layout layouts/application.html.erb (Duration: 9.6ms | Allocations: 2542)
Completed 200 OK in 12ms (Views: 10.6ms | ActiveRecord: 0.2ms | Allocations: 2809)


Started GET "/articles/new" for 127.0.0.1 at 2023-11-06 16:01:43 -0300
Processing by ArticlesController#new as HTML
  Rendering layout layouts/application.html.erb
  Rendering articles/new.html.erb within layouts/application
  Rendered articles/_form.html.erb (Duration: 1.8ms | Allocations: 727)
  Rendered articles/new.html.erb within layouts/application (Duration: 2.3ms | Allocations: 807)
  Rendered layout layouts/application.html.erb (Duration: 12.9ms | Allocations: 2729)
Completed 200 OK in 14ms (Views: 13.4ms | ActiveRecord: 0.0ms | Allocations: 2990)


Started GET "/articles" for 127.0.0.1 at 2023-11-06 16:01:47 -0300
Processing by ArticlesController#index as HTML
  Rendering layout layouts/application.html.erb
  Rendering articles/index.html.erb within layouts/application
  [1m[36mArticle Load (0.1ms)[0m  [1m[34mSELECT "articles".* FROM "articles"[0m
  ↳ app/views/articles/index.html.erb:6
  Rendered articles/index.html.erb within layouts/application (Duration: 1.7ms | Allocations: 575)
  Rendered layout layouts/application.html.erb (Duration: 7.3ms | Allocations: 2504)
Completed 200 OK in 9ms (Views: 8.2ms | ActiveRecord: 0.1ms | Allocations: 2762)


Started GET "/articles/new" for 127.0.0.1 at 2023-11-06 16:02:50 -0300
Processing by ArticlesController#new as HTML
  Rendering layout layouts/application.html.erb
  Rendering articles/new.html.erb within layouts/application
  Rendered articles/_form.html.erb (Duration: 2.8ms | Allocations: 744)
  Rendered articles/new.html.erb within layouts/application (Duration: 3.6ms | Allocations: 824)
  Rendered layout layouts/application.html.erb (Duration: 11.7ms | Allocations: 2746)
Completed 200 OK in 14ms (Views: 12.8ms | ActiveRecord: 0.0ms | Allocations: 3008)


Started POST "/articles" for 127.0.0.1 at 2023-11-06 16:02:57 -0300
Processing by ArticlesController#create as TURBO_STREAM
  Parameters: {"authenticity_token"=>"[FILTERED]", "article"=>{"title"=>"teste", "description"=>"teste"}, "commit"=>"Create Article"}
  [1m[36mTRANSACTION (0.1ms)[0m  [1m[36mbegin transaction[0m
  ↳ app/controllers/articles_controller.rb:27:in `block in create'
  [1m[36mArticle Create (1.2ms)[0m  [1m[32mINSERT INTO "articles" ("title", "description", "created_at", "updated_at") VALUES (?, ?, ?, ?) RETURNING "id"[0m  [["title", "teste"], ["description", "teste"], ["created_at", "2023-11-06 19:02:57.710611"], ["updated_at", "2023-11-06 19:02:57.710611"]]
  ↳ app/controllers/articles_controller.rb:27:in `block in create'
  [1m[36mTRANSACTION (0.2ms)[0m  [1m[36mcommit transaction[0m
  ↳ app/controllers/articles_controller.rb:27:in `block in create'
Redirected to http://127.0.0.1:3000/articles/1
Completed 302 Found in 6ms (ActiveRecord: 1.4ms | Allocations: 3306)


Started GET "/articles/1" for 127.0.0.1 at 2023-11-06 16:02:57 -0300
Processing by ArticlesController#show as TURBO_STREAM
  Parameters: {"id"=>"1"}
  [1m[36mArticle Load (0.1ms)[0m  [1m[34mSELECT "articles".* FROM "articles" WHERE "articles"."id" = ? LIMIT ?[0m  [["id", 1], ["LIMIT", 1]]
  ↳ app/controllers/articles_controller.rb:63:in `set_article'
  Rendering layout layouts/application.html.erb
  Rendering articles/show.html.erb within layouts/application
  Rendered articles/_article.html.erb (Duration: 0.5ms | Allocations: 182)
  Rendered articles/show.html.erb within layouts/application (Duration: 3.4ms | Allocations: 1241)
  Rendered layout layouts/application.html.erb (Duration: 5.9ms | Allocations: 3164)
Completed 200 OK in 8ms (Views: 6.4ms | ActiveRecord: 0.1ms | Allocations: 3927)


Started GET "/articles" for 127.0.0.1 at 2023-11-06 16:03:04 -0300
Processing by ArticlesController#index as HTML
  Rendering layout layouts/application.html.erb
  Rendering articles/index.html.erb within layouts/application
  [1m[36mArticle Load (0.2ms)[0m  [1m[34mSELECT "articles".* FROM "articles"[0m
  ↳ app/views/articles/index.html.erb:6
  Rendered articles/_article.html.erb (Duration: 0.1ms | Allocations: 17)
  Rendered articles/index.html.erb within layouts/application (Duration: 3.0ms | Allocations: 729)
  Rendered layout layouts/application.html.erb (Duration: 8.6ms | Allocations: 2652)
Completed 200 OK in 10ms (Views: 9.2ms | ActiveRecord: 0.1ms | Allocations: 2912)


Started GET "/articles/1" for 127.0.0.1 at 2023-11-06 16:04:55 -0300
Processing by ArticlesController#show as HTML
  Parameters: {"id"=>"1"}
  [1m[36mArticle Load (0.3ms)[0m  [1m[34mSELECT "articles".* FROM "articles" WHERE "articles"."id" = ? LIMIT ?[0m  [["id", 1], ["LIMIT", 1]]
  ↳ app/controllers/articles_controller.rb:63:in `set_article'
  Rendering layout layouts/application.html.erb
  Rendering articles/show.html.erb within layouts/application
  Rendered articles/_article.html.erb (Duration: 0.3ms | Allocations: 17)
  Rendered articles/show.html.erb within layouts/application (Duration: 5.4ms | Allocations: 441)
  Rendered layout layouts/application.html.erb (Duration: 12.8ms | Allocations: 2359)
Completed 200 OK in 20ms (Views: 15.3ms | ActiveRecord: 0.3ms | Allocations: 2962)


Started DELETE "/articles/1" for 127.0.0.1 at 2023-11-06 16:04:57 -0300
Processing by ArticlesController#destroy as TURBO_STREAM
  Parameters: {"authenticity_token"=>"[FILTERED]", "id"=>"1"}
  [1m[36mArticle Load (0.1ms)[0m  [1m[34mSELECT "articles".* FROM "articles" WHERE "articles"."id" = ? LIMIT ?[0m  [["id", 1], ["LIMIT", 1]]
  ↳ app/controllers/articles_controller.rb:63:in `set_article'
  [1m[36mTRANSACTION (0.1ms)[0m  [1m[36mbegin transaction[0m
  ↳ app/controllers/articles_controller.rb:52:in `destroy'
  [1m[36mArticle Destroy (1.4ms)[0m  [1m[31mDELETE FROM "articles" WHERE "articles"."id" = ?[0m  [["id", 1]]
  ↳ app/controllers/articles_controller.rb:52:in `destroy'
  [1m[36mTRANSACTION (0.2ms)[0m  [1m[36mcommit transaction[0m
  ↳ app/controllers/articles_controller.rb:52:in `destroy'
Redirected to http://127.0.0.1:3000/articles
Completed 302 Found in 8ms (ActiveRecord: 1.8ms | Allocations: 2038)


Started GET "/articles" for 127.0.0.1 at 2023-11-06 16:04:57 -0300
Processing by ArticlesController#index as TURBO_STREAM
  Rendering layout layouts/application.html.erb
  Rendering articles/index.html.erb within layouts/application
  [1m[36mArticle Load (0.1ms)[0m  [1m[34mSELECT "articles".* FROM "articles"[0m
  ↳ app/views/articles/index.html.erb:6
  Rendered articles/index.html.erb within layouts/application (Duration: 1.9ms | Allocations: 610)
  Rendered layout layouts/application.html.erb (Duration: 6.7ms | Allocations: 2533)
Completed 200 OK in 8ms (Views: 7.4ms | ActiveRecord: 0.1ms | Allocations: 2796)


  [1m[36mActiveRecord::InternalMetadata Load (0.2ms)[0m  [1m[34mSELECT * FROM "ar_internal_metadata" WHERE "ar_internal_metadata"."key" = ? ORDER BY "ar_internal_metadata"."key" ASC LIMIT 1[0m  [[nil, "environment"]]
  [1m[36mActiveRecord::SchemaMigration Load (0.1ms)[0m  [1m[34mSELECT "schema_migrations"."version" FROM "schema_migrations" ORDER BY "schema_migrations"."version" ASC[0m
  [1m[36mActiveRecord::SchemaMigration Load (0.0ms)[0m  [1m[34mSELECT "schema_migrations"."version" FROM "schema_migrations" ORDER BY "schema_migrations"."version" ASC[0m
  [1m[36mActiveRecord::SchemaMigration Load (0.2ms)[0m  [1m[34mSELECT "schema_migrations"."version" FROM "schema_migrations" ORDER BY "schema_migrations"."version" ASC[0m
  [1m[36mActiveRecord::InternalMetadata Load (0.1ms)[0m  [1m[34mSELECT * FROM "ar_internal_metadata" WHERE "ar_internal_metadata"."key" = ? ORDER BY "ar_internal_metadata"."key" ASC LIMIT 1[0m  [[nil, "environment"]]
  [1m[36mActiveRecord::SchemaMigration Load (0.0ms)[0m  [1m[34mSELECT "schema_migrations"."version" FROM "schema_migrations" ORDER BY "schema_migrations"."version" ASC[0m
  [1m[36mActiveRecord::InternalMetadata Load (0.1ms)[0m  [1m[34mSELECT * FROM "ar_internal_metadata" WHERE "ar_internal_metadata"."key" = ? ORDER BY "ar_internal_metadata"."key" ASC LIMIT 1[0m  [[nil, "environment"]]
  [1m[36mActiveRecord::SchemaMigration Load (0.0ms)[0m  [1m[34mSELECT "schema_migrations"."version" FROM "schema_migrations" ORDER BY "schema_migrations"."version" ASC[0m
  [1m[36mActiveRecord::InternalMetadata Load (0.1ms)[0m  [1m[34mSELECT * FROM "ar_internal_metadata" WHERE "ar_internal_metadata"."key" = ? ORDER BY "ar_internal_metadata"."key" ASC LIMIT 1[0m  [[nil, "environment"]]
  [1m[35m (0.4ms)[0m  [1m[35mDROP TABLE IF EXISTS "articles"[0m
  [1m[35m (2.6ms)[0m  [1m[35mCREATE TABLE "articles" ("id" integer PRIMARY KEY AUTOINCREMENT NOT NULL, "title" varchar, "description" text, "created_at" datetime(6) NOT NULL, "updated_at" datetime(6) NOT NULL)[0m
  [1m[35m (0.4ms)[0m  [1m[35mCREATE TABLE "schema_migrations" ("version" varchar NOT NULL PRIMARY KEY)[0m
  [1m[36mActiveRecord::SchemaMigration Load (0.0ms)[0m  [1m[34mSELECT "schema_migrations"."version" FROM "schema_migrations" ORDER BY "schema_migrations"."version" ASC[0m
  [1m[35m (0.1ms)[0m  [1m[32mINSERT INTO "schema_migrations" (version) VALUES (20231106183205)[0m
  [1m[35m (0.2ms)[0m  [1m[35mCREATE TABLE "ar_internal_metadata" ("key" varchar NOT NULL PRIMARY KEY, "value" varchar, "created_at" datetime(6) NOT NULL, "updated_at" datetime(6) NOT NULL)[0m
  [1m[36mActiveRecord::InternalMetadata Load (0.1ms)[0m  [1m[34mSELECT * FROM "ar_internal_metadata" WHERE "ar_internal_metadata"."key" = ? ORDER BY "ar_internal_metadata"."key" ASC LIMIT 1[0m  [[nil, "environment"]]
  [1m[36mActiveRecord::InternalMetadata Create (2.1ms)[0m  [1m[32mINSERT INTO "ar_internal_metadata" ("key", "value", "created_at", "updated_at") VALUES ('environment', 'development', '2023-11-06 22:28:49.354594', '2023-11-06 22:28:49.354616') RETURNING "key"[0m
  [1m[36mActiveRecord::InternalMetadata Load (0.1ms)[0m  [1m[34mSELECT * FROM "ar_internal_metadata" WHERE "ar_internal_metadata"."key" = ? ORDER BY "ar_internal_metadata"."key" ASC LIMIT 1[0m  [[nil, "environment"]]
  [1m[36mActiveRecord::InternalMetadata Load (0.4ms)[0m  [1m[34mSELECT * FROM "ar_internal_metadata" WHERE "ar_internal_metadata"."key" = ? ORDER BY "ar_internal_metadata"."key" ASC LIMIT 1[0m  [[nil, "schema_sha1"]]
  [1m[36mActiveRecord::InternalMetadata Create (0.4ms)[0m  [1m[32mINSERT INTO "ar_internal_metadata" ("key", "value", "created_at", "updated_at") VALUES ('schema_sha1', 'fade3bf3224a845302710271e2ae5970e8af18cc', '2023-11-06 22:28:49.365671', '2023-11-06 22:28:49.365681') RETURNING "key"[0m
  [1m[35m (0.0ms)[0m  [1m[35mDROP TABLE IF EXISTS "articles"[0m
  [1m[35m (2.6ms)[0m  [1m[35mCREATE TABLE "articles" ("id" integer PRIMARY KEY AUTOINCREMENT NOT NULL, "title" varchar, "description" text, "created_at" datetime(6) NOT NULL, "updated_at" datetime(6) NOT NULL)[0m
  [1m[35m (0.2ms)[0m  [1m[35mCREATE TABLE "schema_migrations" ("version" varchar NOT NULL PRIMARY KEY)[0m
  [1m[36mActiveRecord::SchemaMigration Load (0.0ms)[0m  [1m[34mSELECT "schema_migrations"."version" FROM "schema_migrations" ORDER BY "schema_migrations"."version" ASC[0m
  [1m[35m (0.2ms)[0m  [1m[32mINSERT INTO "schema_migrations" (version) VALUES (20231106183205)[0m
  [1m[35m (0.9ms)[0m  [1m[35mCREATE TABLE "ar_internal_metadata" ("key" varchar NOT NULL PRIMARY KEY, "value" varchar, "created_at" datetime(6) NOT NULL, "updated_at" datetime(6) NOT NULL)[0m
  [1m[36mActiveRecord::InternalMetadata Load (0.2ms)[0m  [1m[34mSELECT * FROM "ar_internal_metadata" WHERE "ar_internal_metadata"."key" = ? ORDER BY "ar_internal_metadata"."key" ASC LIMIT 1[0m  [[nil, "environment"]]
  [1m[36mActiveRecord::InternalMetadata Create (0.2ms)[0m  [1m[32mINSERT INTO "ar_internal_metadata" ("key", "value", "created_at", "updated_at") VALUES ('environment', 'development', '2023-11-06 22:28:49.447532', '2023-11-06 22:28:49.447538') RETURNING "key"[0m
  [1m[36mActiveRecord::InternalMetadata Load (0.1ms)[0m  [1m[34mSELECT * FROM "ar_internal_metadata" WHERE "ar_internal_metadata"."key" = ? ORDER BY "ar_internal_metadata"."key" ASC LIMIT 1[0m  [[nil, "environment"]]
  [1m[36mActiveRecord::InternalMetadata Update (0.1ms)[0m  [1m[33mUPDATE "ar_internal_metadata" SET "value" = 'test', "updated_at" = '2023-11-06 22:28:49.449501' WHERE "ar_internal_metadata"."key" = 'environment'[0m
  [1m[36mActiveRecord::InternalMetadata Load (0.1ms)[0m  [1m[34mSELECT * FROM "ar_internal_metadata" WHERE "ar_internal_metadata"."key" = ? ORDER BY "ar_internal_metadata"."key" ASC LIMIT 1[0m  [[nil, "schema_sha1"]]
  [1m[36mActiveRecord::InternalMetadata Create (0.2ms)[0m  [1m[32mINSERT INTO "ar_internal_metadata" ("key", "value", "created_at", "updated_at") VALUES ('schema_sha1', 'fade3bf3224a845302710271e2ae5970e8af18cc', '2023-11-06 22:28:49.451885', '2023-11-06 22:28:49.451889') RETURNING "key"[0m
  [1m[36mActiveRecord::SchemaMigration Load (0.1ms)[0m  [1m[34mSELECT "schema_migrations"."version" FROM "schema_migrations" ORDER BY "schema_migrations"."version" ASC[0m
  [1m[36mArticle Load (0.3ms)[0m  [1m[34mSELECT "articles".* FROM "articles" /* loading for pp */ LIMIT ?[0m  [["LIMIT", 11]]
  [1m[36mTRANSACTION (0.3ms)[0m  [1m[36mbegin transaction[0m
  [1m[36mArticle Create (1.4ms)[0m  [1m[32mINSERT INTO "articles" ("title", "description", "created_at", "updated_at") VALUES (?, ?, ?, ?) RETURNING "id"[0m  [["title", "first article"], ["description", "description of article"], ["created_at", "2023-11-08 18:31:38.844308"], ["updated_at", "2023-11-08 18:31:38.844308"]]
  [1m[36mTRANSACTION (2.7ms)[0m  [1m[36mcommit transaction[0m
  [1m[36mArticle Load (0.2ms)[0m  [1m[34mSELECT "articles".* FROM "articles" /* loading for pp */ LIMIT ?[0m  [["LIMIT", 11]]
  [1m[36mTRANSACTION (0.1ms)[0m  [1m[36mbegin transaction[0m
  [1m[36mArticle Create (0.7ms)[0m  [1m[32mINSERT INTO "articles" ("title", "description", "created_at", "updated_at") VALUES (?, ?, ?, ?) RETURNING "id"[0m  [["title", "second article"], ["description", "description of article"], ["created_at", "2023-11-08 18:34:03.129865"], ["updated_at", "2023-11-08 18:34:03.129865"]]
  [1m[36mTRANSACTION (0.3ms)[0m  [1m[36mcommit transaction[0m
  [1m[36mArticle Load (0.4ms)[0m  [1m[34mSELECT "articles".* FROM "articles" /* loading for pp */ LIMIT ?[0m  [["LIMIT", 11]]
  [1m[36mTRANSACTION (0.1ms)[0m  [1m[36mbegin transaction[0m
  [1m[36mArticle Create (0.8ms)[0m  [1m[32mINSERT INTO "articles" ("title", "description", "created_at", "updated_at") VALUES (?, ?, ?, ?) RETURNING "id"[0m  [["title", "third article"], ["description", "description of article"], ["created_at", "2023-11-08 18:35:58.144289"], ["updated_at", "2023-11-08 18:35:58.144289"]]
  [1m[36mTRANSACTION (0.4ms)[0m  [1m[36mcommit transaction[0m
  [1m[36mArticle Load (0.2ms)[0m  [1m[34mSELECT "articles".* FROM "articles" /* loading for pp */ LIMIT ?[0m  [["LIMIT", 11]]
  [1m[36mArticle Load (0.3ms)[0m  [1m[34mSELECT "articles".* FROM "articles" WHERE "articles"."id" = ? LIMIT ?[0m  [["id", 2], ["LIMIT", 1]]
  [1m[36mArticle Load (0.2ms)[0m  [1m[34mSELECT "articles".* FROM "articles" WHERE "articles"."id" = ? LIMIT ?[0m  [["id", 2], ["LIMIT", 1]]
  [1m[36mArticle Load (0.2ms)[0m  [1m[34mSELECT "articles".* FROM "articles" WHERE "articles"."id" = ? LIMIT ?[0m  [["id", 3], ["LIMIT", 1]]
  [1m[36mArticle Load (0.2ms)[0m  [1m[34mSELECT "articles".* FROM "articles" /* loading for pp */ LIMIT ?[0m  [["LIMIT", 11]]
  [1m[36mArticle Load (0.2ms)[0m  [1m[34mSELECT "articles".* FROM "articles" /* loading for pp */ LIMIT ?[0m  [["LIMIT", 11]]
  [1m[36mArticle Delete All (0.4ms)[0m  [1m[31mDELETE FROM "articles" WHERE "articles"."id" = ?[0m  [["id", 3]]
  [1m[36mArticle Load (0.2ms)[0m  [1m[34mSELECT "articles".* FROM "articles" /* loading for pp */ LIMIT ?[0m  [["LIMIT", 11]]
  [1m[36mTRANSACTION (0.1ms)[0m  [1m[36mbegin transaction[0m
  [1m[36mArticle Create (10.5ms)[0m  [1m[32mINSERT INTO "articles" ("title", "description", "created_at", "updated_at") VALUES (?, ?, ?, ?) RETURNING "id"[0m  [["title", "teste"], ["description", nil], ["created_at", "2023-11-09 18:04:04.520148"], ["updated_at", "2023-11-09 18:04:04.520148"]]
  [1m[36mTRANSACTION (0.3ms)[0m  [1m[36mcommit transaction[0m
  [1m[36mArticle Load (0.3ms)[0m  [1m[34mSELECT "articles".* FROM "articles" /* loading for pp */ LIMIT ?[0m  [["LIMIT", 11]]
  [1m[36mArticle Load (0.1ms)[0m  [1m[34mSELECT "articles".* FROM "articles" /* loading for pp */ LIMIT ?[0m  [["LIMIT", 11]]
  [1m[36mArticle Load (0.1ms)[0m  [1m[34mSELECT "articles".* FROM "articles" /* loading for pp */ LIMIT ?[0m  [["LIMIT", 11]]
  [1m[36mArticle Load (0.2ms)[0m  [1m[34mSELECT "articles".* FROM "articles" /* loading for pp */ LIMIT ?[0m  [["LIMIT", 11]]
  [1m[36mArticle Load (0.2ms)[0m  [1m[34mSELECT "articles".* FROM "articles" WHERE "articles"."id" = ? LIMIT ?[0m  [["id", 4], ["LIMIT", 1]]
  [1m[36mArticle Load (0.1ms)[0m  [1m[34mSELECT "articles".* FROM "articles" /* loading for pp */ LIMIT ?[0m  [["LIMIT", 11]]
  [1m[36mArticle Load (0.1ms)[0m  [1m[34mSELECT "articles".* FROM "articles" WHERE "articles"."id" = ? LIMIT ?[0m  [["id", 3], ["LIMIT", 1]]
  [1m[36mArticle Load (0.1ms)[0m  [1m[34mSELECT "articles".* FROM "articles" /* loading for pp */ LIMIT ?[0m  [["LIMIT", 11]]
  [1m[36mArticle Load (0.1ms)[0m  [1m[34mSELECT "articles".* FROM "articles" WHERE "articles"."id" = ? LIMIT ?[0m  [["id", 4], ["LIMIT", 1]]
  [1m[36mArticle Load (0.1ms)[0m  [1m[34mSELECT "articles".* FROM "articles" WHERE "articles"."id" = ? LIMIT ?[0m  [["id", 3], ["LIMIT", 1]]
  [1m[36mArticle Load (0.1ms)[0m  [1m[34mSELECT "articles".* FROM "articles" /* loading for pp */ LIMIT ?[0m  [["LIMIT", 11]]
  [1m[36mArticle Load (0.1ms)[0m  [1m[34mSELECT "articles".* FROM "articles" WHERE "articles"."id" = ? LIMIT ?[0m  [["id", 4], ["LIMIT", 1]]
  [1m[36mTRANSACTION (0.1ms)[0m  [1m[36mbegin transaction[0m
  [1m[36mArticle Update (0.3ms)[0m  [1m[33mUPDATE "articles" SET "description" = ?, "updated_at" = ? WHERE "articles"."id" = ?[0m  [["description", "change"], ["updated_at", "2023-11-09 18:06:45.420746"], ["id", 4]]
  [1m[36mTRANSACTION (2.3ms)[0m  [1m[36mcommit transaction[0m
  [1m[36mArticle Load (0.1ms)[0m  [1m[34mSELECT "articles".* FROM "articles" /* loading for pp */ LIMIT ?[0m  [["LIMIT", 11]]
  [1m[36mTRANSACTION (0.1ms)[0m  [1m[36mbegin transaction[0m
  [1m[36mArticle Update (0.5ms)[0m  [1m[33mUPDATE "articles" SET "description" = ?, "updated_at" = ? WHERE "articles"."id" = ?[0m  [["description", "thats ok"], ["updated_at", "2023-11-09 18:07:54.426077"], ["id", 4]]
  [1m[36mTRANSACTION (11.8ms)[0m  [1m[36mcommit transaction[0m
  [1m[36mArticle Load (0.1ms)[0m  [1m[34mSELECT "articles".* FROM "articles" /* loading for pp */ LIMIT ?[0m  [["LIMIT", 11]]
Started GET "/" for 127.0.0.1 at 2023-11-09 15:16:51 -0300
  [1m[36mActiveRecord::SchemaMigration Load (1.4ms)[0m  [1m[34mSELECT "schema_migrations"."version" FROM "schema_migrations" ORDER BY "schema_migrations"."version" ASC[0m
Processing by PagesController#home as HTML
  Rendering layout layouts/application.html.erb
  Rendering pages/home.html.erb within layouts/application
  Rendered pages/home.html.erb within layouts/application (Duration: 1.0ms | Allocations: 181)
  Rendered layout layouts/application.html.erb (Duration: 318.7ms | Allocations: 33305)
Completed 200 OK in 376ms (Views: 337.9ms | ActiveRecord: 0.0ms | Allocations: 37369)


Started GET "/show" for 127.0.0.1 at 2023-11-09 15:16:56 -0300
  
ActionController::RoutingError (No route matches [GET] "/show"):
  
Started GET "/show/1" for 127.0.0.1 at 2023-11-09 15:17:02 -0300
  
ActionController::RoutingError (No route matches [GET] "/show/1"):
  
Started GET "/articles" for 127.0.0.1 at 2023-11-09 15:17:20 -0300
  
ActionController::RoutingError (No route matches [GET] "/articles"):
  
Started GET "/articles/1" for 127.0.0.1 at 2023-11-09 15:17:28 -0300
Processing by ArticlesController#show as HTML
  Parameters: {"id"=>"1"}
  [1m[36mArticle Load (0.2ms)[0m  [1m[34mSELECT "articles".* FROM "articles" WHERE "articles"."id" = ? LIMIT ?[0m  [["id", 1], ["LIMIT", 1]]
  ↳ app/controllers/articles_controller.rb:63:in `set_article'
  Rendering layout layouts/application.html.erb
  Rendering articles/show.html.erb within layouts/application
  Rendered articles/_article.html.erb (Duration: 0.5ms | Allocations: 211)
  Rendered articles/show.html.erb within layouts/application (Duration: 4.9ms | Allocations: 1862)
  Rendered layout layouts/application.html.erb (Duration: 5.2ms | Allocations: 1954)
Completed 500 Internal Server Error in 52ms (ActiveRecord: 1.5ms | Allocations: 19642)


  
ActionView::Template::Error (undefined method `edit_article_path' for #<ActionView::Base:0x0000000000b568>):
    3: <%= render @article %>
    4: 
    5: <div>
    6:   <%= link_to "Edit this article", edit_article_path(@article) %> |
    7:   <%= link_to "Back to articles", articles_path %>
    8: 
    9:   <%= button_to "Destroy this article", @article, method: :delete %>
  
app/views/articles/show.html.erb:6
Started GET "/" for 127.0.0.1 at 2023-11-09 15:20:41 -0300
  [1m[36mActiveRecord::SchemaMigration Load (0.2ms)[0m  [1m[34mSELECT "schema_migrations"."version" FROM "schema_migrations" ORDER BY "schema_migrations"."version" ASC[0m
Processing by PagesController#home as HTML
  Rendering layout layouts/application.html.erb
  Rendering pages/home.html.erb within layouts/application
  Rendered pages/home.html.erb within layouts/application (Duration: 2.2ms | Allocations: 181)
  Rendered layout layouts/application.html.erb (Duration: 231.3ms | Allocations: 34831)
Completed 200 OK in 244ms (Views: 236.1ms | ActiveRecord: 0.0ms | Allocations: 38895)


Started GET "/articles" for 127.0.0.1 at 2023-11-09 15:20:46 -0300
Processing by ArticlesController#index as HTML
  Rendering layout layouts/application.html.erb
  Rendering articles/index.html.erb within layouts/application
  [1m[36mArticle Load (0.2ms)[0m  [1m[34mSELECT "articles".* FROM "articles"[0m
  ↳ app/views/articles/index.html.erb:6
  Rendered articles/_article.html.erb (Duration: 1.7ms | Allocations: 216)
  Rendered articles/_article.html.erb (Duration: 0.2ms | Allocations: 17)
  Rendered articles/_article.html.erb (Duration: 0.1ms | Allocations: 16)
  Rendered articles/index.html.erb within layouts/application (Duration: 19.8ms | Allocations: 10859)
  Rendered layout layouts/application.html.erb (Duration: 26.5ms | Allocations: 12797)
Completed 200 OK in 42ms (Views: 26.8ms | ActiveRecord: 0.7ms | Allocations: 19333)


Started GET "/show" for 127.0.0.1 at 2023-11-09 15:20:54 -0300
  
ActionController::RoutingError (No route matches [GET] "/show"):
  
Started GET "/articles" for 127.0.0.1 at 2023-11-09 15:21:02 -0300
Processing by ArticlesController#index as HTML
  Rendering layout layouts/application.html.erb
  Rendering articles/index.html.erb within layouts/application
  [1m[36mArticle Load (0.1ms)[0m  [1m[34mSELECT "articles".* FROM "articles"[0m
  ↳ app/views/articles/index.html.erb:6
  Rendered articles/_article.html.erb (Duration: 0.1ms | Allocations: 18)
  Rendered articles/_article.html.erb (Duration: 0.1ms | Allocations: 17)
  Rendered articles/_article.html.erb (Duration: 0.1ms | Allocations: 16)
  Rendered articles/index.html.erb within layouts/application (Duration: 3.6ms | Allocations: 1001)
  Rendered layout layouts/application.html.erb (Duration: 7.7ms | Allocations: 2943)
Completed 200 OK in 10ms (Views: 8.6ms | ActiveRecord: 0.1ms | Allocations: 3210)


Started GET "/articles/1" for 127.0.0.1 at 2023-11-09 15:21:05 -0300
Processing by ArticlesController#show as HTML
  Parameters: {"id"=>"1"}
  [1m[36mArticle Load (0.2ms)[0m  [1m[34mSELECT "articles".* FROM "articles" WHERE "articles"."id" = ? LIMIT ?[0m  [["id", 1], ["LIMIT", 1]]
  ↳ app/controllers/articles_controller.rb:64:in `set_article'
Completed 500 Internal Server Error in 7ms (ActiveRecord: 0.2ms | Allocations: 2619)


  
ArgumentError (wrong number of arguments (given 0, expected 1)):
  
app/controllers/articles_controller.rb:10:in `show'
Started GET "/articles/1" for 127.0.0.1 at 2023-11-09 15:21:18 -0300
Processing by ArticlesController#show as HTML
  Parameters: {"id"=>"1"}
  [1m[36mArticle Load (0.1ms)[0m  [1m[34mSELECT "articles".* FROM "articles" WHERE "articles"."id" = ? LIMIT ?[0m  [["id", 1], ["LIMIT", 1]]
  ↳ app/controllers/articles_controller.rb:63:in `set_article'
  Rendering layout layouts/application.html.erb
  Rendering articles/show.html.erb within layouts/application
  Rendered articles/_article.html.erb (Duration: 0.5ms | Allocations: 179)
  Rendered articles/show.html.erb within layouts/application (Duration: 2.9ms | Allocations: 1020)
  Rendered layout layouts/application.html.erb (Duration: 19.6ms | Allocations: 14194)
Completed 200 OK in 29ms (Views: 21.2ms | ActiveRecord: 1.5ms | Allocations: 19711)


Started GET "/articles" for 127.0.0.1 at 2023-11-09 15:21:25 -0300
Processing by ArticlesController#index as HTML
  Rendering layout layouts/application.html.erb
  Rendering articles/index.html.erb within layouts/application
  [1m[36mArticle Load (0.2ms)[0m  [1m[34mSELECT "articles".* FROM "articles"[0m
  ↳ app/views/articles/index.html.erb:6
  Rendered articles/_article.html.erb (Duration: 0.1ms | Allocations: 18)
  Rendered articles/_article.html.erb (Duration: 0.1ms | Allocations: 17)
  Rendered articles/_article.html.erb (Duration: 0.1ms | Allocations: 16)
  Rendered articles/index.html.erb within layouts/application (Duration: 3.7ms | Allocations: 1226)
  Rendered layout layouts/application.html.erb (Duration: 7.6ms | Allocations: 3149)
Completed 200 OK in 9ms (Views: 8.1ms | ActiveRecord: 0.2ms | Allocations: 3495)


Started GET "/" for 127.0.0.1 at 2023-11-09 15:22:19 -0300
  [1m[36mActiveRecord::SchemaMigration Load (0.6ms)[0m  [1m[34mSELECT "schema_migrations"."version" FROM "schema_migrations" ORDER BY "schema_migrations"."version" ASC[0m
Processing by PagesController#home as HTML
  Rendering layout layouts/application.html.erb
  Rendering pages/home.html.erb within layouts/application
  Rendered pages/home.html.erb within layouts/application (Duration: 1.6ms | Allocations: 181)
  Rendered layout layouts/application.html.erb (Duration: 172.4ms | Allocations: 33080)
Completed 200 OK in 202ms (Views: 181.2ms | ActiveRecord: 0.0ms | Allocations: 37144)


Started GET "/articles" for 127.0.0.1 at 2023-11-09 15:22:23 -0300
  
ActionController::RoutingError (No route matches [GET] "/articles"):
  
Started GET "/articles/1" for 127.0.0.1 at 2023-11-09 15:22:26 -0300
Processing by ArticlesController#show as HTML
  Parameters: {"id"=>"1"}
  [1m[36mArticle Load (0.3ms)[0m  [1m[34mSELECT "articles".* FROM "articles" WHERE "articles"."id" = ? LIMIT ?[0m  [["id", 1], ["LIMIT", 1]]
  ↳ app/controllers/articles_controller.rb:63:in `set_article'
  Rendering layout layouts/application.html.erb
  Rendering articles/show.html.erb within layouts/application
  Rendered articles/_article.html.erb (Duration: 0.6ms | Allocations: 211)
  Rendered articles/show.html.erb within layouts/application (Duration: 6.3ms | Allocations: 1858)
  Rendered layout layouts/application.html.erb (Duration: 6.7ms | Allocations: 1950)
Completed 500 Internal Server Error in 73ms (ActiveRecord: 1.4ms | Allocations: 19643)


  
ActionView::Template::Error (undefined method `edit_article_path' for #<ActionView::Base:0x0000000000afc8>):
    3: <%= render @article %>
    4: 
    5: <div>
    6:   <%= link_to "Edit this article", edit_article_path(@article) %> |
    7:   <%= link_to "Back to articles", articles_path %>
    8: 
    9:   <%= button_to "Destroy this article", @article, method: :delete %>
  
app/views/articles/show.html.erb:6
Started GET "/articles/1" for 127.0.0.1 at 2023-11-09 15:25:27 -0300
Processing by ArticlesController#show as HTML
  Parameters: {"id"=>"1"}
  Rendering layout layouts/application.html.erb
  Rendering articles/show.html.erb within layouts/application
  Rendered articles/show.html.erb within layouts/application (Duration: 0.3ms | Allocations: 91)
  Rendered layout layouts/application.html.erb (Duration: 18.8ms | Allocations: 13507)
Completed 200 OK in 21ms (Views: 20.4ms | ActiveRecord: 0.0ms | Allocations: 14414)


Started GET "/articles/2" for 127.0.0.1 at 2023-11-09 15:25:34 -0300
Processing by ArticlesController#show as HTML
  Parameters: {"id"=>"2"}
  Rendering layout layouts/application.html.erb
  Rendering articles/show.html.erb within layouts/application
  Rendered articles/show.html.erb within layouts/application (Duration: 0.1ms | Allocations: 6)
  Rendered layout layouts/application.html.erb (Duration: 5.5ms | Allocations: 2115)
Completed 200 OK in 7ms (Views: 6.2ms | ActiveRecord: 0.0ms | Allocations: 2359)


Started GET "/articles/2" for 127.0.0.1 at 2023-11-09 15:30:05 -0300
Processing by ArticlesController#show as HTML
  Parameters: {"id"=>"2"}
  [1m[36mArticle Load (0.1ms)[0m  [1m[34mSELECT "articles".* FROM "articles" WHERE "articles"."id" = ? LIMIT ?[0m  [["id", 2], ["LIMIT", 1]]
  ↳ app/controllers/articles_controller.rb:3:in `show'
  Rendering layout layouts/application.html.erb
  Rendering articles/show.html.erb within layouts/application
  Rendered articles/show.html.erb within layouts/application (Duration: 0.4ms | Allocations: 95)
  Rendered layout layouts/application.html.erb (Duration: 12.5ms | Allocations: 13312)
Completed 200 OK in 21ms (Views: 14.2ms | ActiveRecord: 1.5ms | Allocations: 18748)


Started GET "/articles/2" for 127.0.0.1 at 2023-11-09 15:30:38 -0300
Processing by ArticlesController#show as HTML
  Parameters: {"id"=>"2"}
  [1m[36mArticle Load (0.1ms)[0m  [1m[34mSELECT "articles".* FROM "articles" WHERE "articles"."id" = ? LIMIT ?[0m  [["id", 2], ["LIMIT", 1]]
  ↳ app/controllers/articles_controller.rb:3:in `show'
  Rendering layout layouts/application.html.erb
  Rendering articles/show.html.erb within layouts/application
  Rendered articles/show.html.erb within layouts/application (Duration: 0.5ms | Allocations: 135)
  Rendered layout layouts/application.html.erb (Duration: 31.0ms | Allocations: 13456)
Completed 200 OK in 40ms (Views: 32.5ms | ActiveRecord: 2.0ms | Allocations: 18799)


Started GET "/articles/1" for 127.0.0.1 at 2023-11-09 15:30:41 -0300
Processing by ArticlesController#show as HTML
  Parameters: {"id"=>"1"}
  [1m[36mArticle Load (0.2ms)[0m  [1m[34mSELECT "articles".* FROM "articles" WHERE "articles"."id" = ? LIMIT ?[0m  [["id", 1], ["LIMIT", 1]]
  ↳ app/controllers/articles_controller.rb:3:in `show'
  Rendering layout layouts/application.html.erb
  Rendering articles/show.html.erb within layouts/application
  Rendered articles/show.html.erb within layouts/application (Duration: 0.1ms | Allocations: 11)
  Rendered layout layouts/application.html.erb (Duration: 6.6ms | Allocations: 2121)
Completed 200 OK in 12ms (Views: 7.8ms | ActiveRecord: 0.2ms | Allocations: 2732)


Started GET "/articles/1/remove" for 127.0.0.1 at 2023-11-09 15:36:05 -0300
  
ActionController::RoutingError (No route matches [GET] "/articles/1/remove"):
  
  [1m[36mArticle Load (0.5ms)[0m  [1m[34mSELECT "articles".* FROM "articles" /* loading for pp */ LIMIT ?[0m  [["LIMIT", 11]]
